<?xml version="1.0" encoding="UTF-8"?>
<testng-results ignored="0" total="1" passed="1" failed="0" skipped="0">
  <reporter-output>
  </reporter-output>
  <suite started-at="2022-06-21T11:41:35 IST" name="Suite" finished-at="2022-06-21T11:41:48 IST" duration-ms="12643">
    <groups>
    </groups>
    <test started-at="2022-06-21T11:41:35 IST" name="Test" finished-at="2022-06-21T11:41:48 IST" duration-ms="12643">
      <class name="com.admin.testcases.assetClassDetails">
        <test-method is-config="true" signature="setup()[pri:0, instance:com.admin.testcases.assetClassDetails@618425b5]" started-at="2022-06-21T11:41:35 IST" name="setup" finished-at="2022-06-21T11:41:37 IST" duration-ms="1529" status="PASS">
          <reporter-output>
          </reporter-output>
        </test-method> <!-- setup -->
        <test-method signature="getAssetClassDetails_SDD_001_Admin_Post_assetClassDetails()[pri:0, instance:com.admin.testcases.assetClassDetails@618425b5]" started-at="2022-06-21T11:41:37 IST" name="getAssetClassDetails_SDD_001_Admin_Post_assetClassDetails" finished-at="2022-06-21T11:41:48 IST" duration-ms="10571" status="PASS">
          <reporter-output>
          </reporter-output>
        </test-method> <!-- getAssetClassDetails_SDD_001_Admin_Post_assetClassDetails -->
        <test-method is-config="true" signature="tearDown()[pri:0, instance:com.admin.testcases.assetClassDetails@618425b5]" started-at="2022-06-21T11:41:48 IST" name="tearDown" finished-at="2022-06-21T11:41:48 IST" duration-ms="4" status="PASS">
          <reporter-output>
          </reporter-output>
        </test-method> <!-- tearDown -->
      </class> <!-- com.admin.testcases.assetClassDetails -->
    </test> <!-- Test -->
  </suite> <!-- Suite -->
</testng-results>
