<?xml version="1.0" encoding="UTF-8"?>
<testsuite xmlns:xsi="http://www.w3.org/2001/XMLSchema-instance" xsi:noNamespaceSchemaLocation="https://maven.apache.org/surefire/maven-surefire-plugin/xsd/surefire-test-report-3.0.xsd" version="3.0" name="TestSuite" time="14.806" tests="1" errors="0" skipped="0" failures="0">
  <properties>
[...]
</properties>
  <testcase name="getAssetClassDetails_SDD_001_Admin_Post_assetClassDetails" classname="com.admin.testcases.assetClassDetails" time="10.584">
    <system-out><![CDATA[2022-06-21 11:41:36 INFO  TestBase:63 - *****************StockyDODO ADmin Rest API's Logs*********************
2022-06-21 11:41:36 INFO  TestBase:65 - ****************Started SDD_002_Admin_getAllAssetClassDetails*****************
getAssetClassDetails_SDD_001_Admin_Post_assetClassDetails test case started
We are sreaching the testcase in sheet name = getAssetClassDetails
2022-06-21 11:41:39 INFO  TestBase:42 - *****************StockyDODO ADmin Rest API's Logs*********************
getAllAssetClasses
Response Body Is:{"status_code":200,"status":"success","message":"asset classes list & counts","list":[{"_id":"62a8d86b5f9dfdb0a6fc2859","name":"equity9","unique_name":"equity9","type":"cryptocurrency","priority":2,"image_url":"https://niuli-images.s3.ap-south-1.amazonaws.com/21372076.jpg","available":true,"active":true,"status":"active","generic_date":"2022-06-14T18:50:18.124Z","createdAt":"2022-06-15T00:20:19.000Z","updatedAt":"2022-06-16T10:34:54.923Z","__v":0},{"_id":"62987c3dacb197c7c83a80db","name":"equity9","unique_name":"equity9","type":"market","priority":2,"image_url":"https://niuli-images.s3.ap-south-1.amazonaws.com/21372076.jpg","available":true,"active":false,"status":"active","generic_date":"2022-06-02T09:00:43.696Z","createdAt":"2022-06-02T14:30:45.000Z","updatedAt":"2022-06-02T11:41:39.362Z","__v":0},{"_id":"6290b3eaa9f51191521265f7","name":"eq","unique_name":"eq","type":"cryptocurrency","priority":1,"image_url":"https://s3.ap-south-1.amazonaws.com/stocky-dodo-file-uploads/1653650408496-stocky-dodo-Capture1.PNG","available":true,"active":false,"status":"active","generic_date":"2022-05-27T11:19:50.478Z","createdAt":"2022-05-27T16:50:09.000Z","updatedAt":"2022-06-01T07:43:48.128Z","__v":0},{"_id":"6290767c6332b25abd6948bc","name":"equity2","unique_name":"equity2","type":"market","priority":2,"image_url":"https://niuli-images.s3.ap-south-1.amazonaws.com/21372076.jpg","available":true,"active":false,"status":"active","generic_date":"2022-05-27T06:53:40.050Z","createdAt":"2022-05-27T12:28:04.000Z","updatedAt":"2022-05-30T06:17:53.290Z","__v":0},{"_id":"6191e84d3a5d5112364d51aa","name":"Currency","priority":2,"image_url":"https://stocky-dodo-file-uploads.s3.ap-south-1.amazonaws.com/asset_class_exchange%403x.png","available":true,"active":true,"status":"active","generic_date":"2021-11-15T04:52:33.074Z","updatedAt":"2022-05-24T12:11:23.253Z","createdAt":"2021-11-15T04:55:41.564Z","__v":0,"type":"currency","unique_name":"currency"},{"_id":"618163bc98b781bc69148ab5","name":"Crypto 2","priority":4,"image_url":"https://stocky-dodo-file-uploads.s3.ap-south-1.amazonaws.com/asset_class_exchange%403x.png","available":true,"active":false,"status":"active","generic_date":"2021-11-02T16:08:11.047Z","updatedAt":"2022-05-17T16:25:07.456Z","createdAt":"2021-11-02T16:13:48.677Z","__v":0,"type":"cyrptocurrency","unique_name":"crypto_2"},{"_id":"617ae4dbe2cd6f02df865e69","name":"Cryptos","priority":3,"image_url":"https://stocky-dodo-file-uploads.s3.ap-south-1.amazonaws.com/asset_class_cryptocurrencies%403x.png","available":true,"active":true,"status":"active","generic_date":"2021-10-28T17:38:29.056Z","updatedAt":"2022-05-13T06:01:16.821Z","createdAt":"2021-10-28T17:58:51.787Z","__v":0,"type":"cryptocurrency","unique_name":"cryptos"},{"_id":"617aa282523aea85acec2efb","name":"Equity","priority":1,"image_url":"https://s3.ap-south-1.amazonaws.com/stocky-dodo-file-uploads/1653393603471-stocky-dodo-increasing@3x.png","available":true,"active":true,"status":"active","updatedAt":"2022-05-24T12:00:06.237Z","createdAt":"2021-10-28T13:15:46.381Z","__v":0,"generic_date":"2021-10-28T13:04:54.720Z","type":"market","unique_name":"equity"}],"count":8,"asset_class_list":[{"_id":"62a8d86b5f9dfdb0a6fc2859","name":"equity9","unique_name":"equity9","type":"cryptocurrency","priority":2,"image_url":"https://niuli-images.s3.ap-south-1.amazonaws.com/21372076.jpg","available":true,"active":true,"status":"active","generic_date":"2022-06-14T18:50:18.124Z","createdAt":"2022-06-15T00:20:19.000Z","updatedAt":"2022-06-16T10:34:54.923Z","__v":0},{"_id":"62987c3dacb197c7c83a80db","name":"equity9","unique_name":"equity9","type":"market","priority":2,"image_url":"https://niuli-images.s3.ap-south-1.amazonaws.com/21372076.jpg","available":true,"active":false,"status":"active","generic_date":"2022-06-02T09:00:43.696Z","createdAt":"2022-06-02T14:30:45.000Z","updatedAt":"2022-06-02T11:41:39.362Z","__v":0},{"_id":"6290b3eaa9f51191521265f7","name":"eq","unique_name":"eq","type":"cryptocurrency","priority":1,"image_url":"https://s3.ap-south-1.amazonaws.com/stocky-dodo-file-uploads/1653650408496-stocky-dodo-Capture1.PNG","available":true,"active":false,"status":"active","generic_date":"2022-05-27T11:19:50.478Z","createdAt":"2022-05-27T16:50:09.000Z","updatedAt":"2022-06-01T07:43:48.128Z","__v":0},{"_id":"6290767c6332b25abd6948bc","name":"equity2","unique_name":"equity2","type":"market","priority":2,"image_url":"https://niuli-images.s3.ap-south-1.amazonaws.com/21372076.jpg","available":true,"active":false,"status":"active","generic_date":"2022-05-27T06:53:40.050Z","createdAt":"2022-05-27T12:28:04.000Z","updatedAt":"2022-05-30T06:17:53.290Z","__v":0},{"_id":"6191e84d3a5d5112364d51aa","name":"Currency","priority":2,"image_url":"https://stocky-dodo-file-uploads.s3.ap-south-1.amazonaws.com/asset_class_exchange%403x.png","available":true,"active":true,"status":"active","generic_date":"2021-11-15T04:52:33.074Z","updatedAt":"2022-05-24T12:11:23.253Z","createdAt":"2021-11-15T04:55:41.564Z","__v":0,"type":"currency","unique_name":"currency"},{"_id":"618163bc98b781bc69148ab5","name":"Crypto 2","priority":4,"image_url":"https://stocky-dodo-file-uploads.s3.ap-south-1.amazonaws.com/asset_class_exchange%403x.png","available":true,"active":false,"status":"active","generic_date":"2021-11-02T16:08:11.047Z","updatedAt":"2022-05-17T16:25:07.456Z","createdAt":"2021-11-02T16:13:48.677Z","__v":0,"type":"cyrptocurrency","unique_name":"crypto_2"},{"_id":"617ae4dbe2cd6f02df865e69","name":"Cryptos","priority":3,"image_url":"https://stocky-dodo-file-uploads.s3.ap-south-1.amazonaws.com/asset_class_cryptocurrencies%403x.png","available":true,"active":true,"status":"active","generic_date":"2021-10-28T17:38:29.056Z","updatedAt":"2022-05-13T06:01:16.821Z","createdAt":"2021-10-28T17:58:51.787Z","__v":0,"type":"cryptocurrency","unique_name":"cryptos"},{"_id":"617aa282523aea85acec2efb","name":"Equity","priority":1,"image_url":"https://s3.ap-south-1.amazonaws.com/stocky-dodo-file-uploads/1653393603471-stocky-dodo-increasing@3x.png","available":true,"active":true,"status":"active","updatedAt":"2022-05-24T12:00:06.237Z","createdAt":"2021-10-28T13:15:46.381Z","__v":0,"generic_date":"2021-10-28T13:04:54.720Z","type":"market","unique_name":"equity"}],"asset_class_count":8}
Response Time is ==>5736
2022-06-21 11:41:45 INFO  TestBase:66 - *****************StockyDODO ADmin Rest API's Logs*********************
Status Code is ==>200
2022-06-21 11:41:48 INFO  TestBase:74 - *****************StockyDODO ADmin Rest API's Logs*********************
Content Encoded Formate is ==>gzip
]]></system-out>
    <system-err><![CDATA[SLF4J: Failed to load class "org.slf4j.impl.StaticLoggerBinder".
SLF4J: Defaulting to no-operation (NOP) logger implementation
SLF4J: See http://www.slf4j.org/codes.html#StaticLoggerBinder for further details.
]]></system-err>
  </testcase>
</testsuite>