<?xml version="1.0" encoding="UTF-8"?>
<testng-results ignored="0" total="1" passed="1" failed="0" skipped="0">
  <reporter-output>
  </reporter-output>
  <suite started-at="2022-06-29T17:31:00 IST" name="Suite" finished-at="2022-06-29T17:31:10 IST" duration-ms="10749">
    <groups>
    </groups>
    <test started-at="2022-06-29T17:31:00 IST" name="Test" finished-at="2022-06-29T17:31:10 IST" duration-ms="10749">
      <class name="com.admin.testcases.assetClassDetails">
        <test-method is-config="true" signature="setup()[pri:0, instance:com.admin.testcases.assetClassDetails@17497425]" started-at="2022-06-29T17:31:00 IST" name="setup" finished-at="2022-06-29T17:31:01 IST" duration-ms="1138" status="PASS">
          <reporter-output>
          </reporter-output>
        </test-method> <!-- setup -->
        <test-method signature="getAssetClassDetails_SDD_001_Admin_Post_assetClassDetails()[pri:0, instance:com.admin.testcases.assetClassDetails@17497425]" started-at="2022-06-29T17:31:01 IST" name="getAssetClassDetails_SDD_001_Admin_Post_assetClassDetails" finished-at="2022-06-29T17:31:10 IST" duration-ms="9093" status="PASS">
          <reporter-output>
          </reporter-output>
        </test-method> <!-- getAssetClassDetails_SDD_001_Admin_Post_assetClassDetails -->
        <test-method is-config="true" signature="tearDown()[pri:0, instance:com.admin.testcases.assetClassDetails@17497425]" started-at="2022-06-29T17:31:10 IST" name="tearDown" finished-at="2022-06-29T17:31:10 IST" duration-ms="6" status="PASS">
          <reporter-output>
          </reporter-output>
        </test-method> <!-- tearDown -->
      </class> <!-- com.admin.testcases.assetClassDetails -->
    </test> <!-- Test -->
  </suite> <!-- Suite -->
</testng-results>
